
[2021-06-01 13:23:08.805272] [LOGGER_START] Chat Logger has started
[2021-06-01 13:23:22.047773] [PACKET_RECV] {'data': 'hello', 'type': 'SERVER', 'to': 'ServerInfo', 'from': 'hello'}
[2021-06-01 13:23:22.078774] [PACKET_RECV] {'data': 'hello', 'type': 'SERVER', 'to': 'ServerInfo', 'from': 'hello'}
[2021-06-01 13:23:22.094272] [NEW_USER] hello - 127.0.0.1:12178 has connected to the server
[2021-06-01 13:23:53.239775] [PACKET_RECV] {'data': 'hello2', 'type': 'SERVER', 'to': 'ServerInfo', 'from': 'hello2'}
[2021-06-01 13:23:53.270772] [PACKET_RECV] {'data': 'test', 'type': 'SERVER', 'to': 'ServerInfo', 'from': 'hello2'}
[2021-06-01 13:23:53.332776] [NEW_USER] hello2 - 127.0.0.1:12186 has connected to the server
[2021-06-01 13:24:04.523272] [PACKET_RECV] {'data': 'SWITCHROOM:ExcelMain', 'type': 'SERVER', 'to': 'SERVER', 'from': 'hello'}
[2021-06-01 13:24:10.968270] [PACKET_RECV] {'data': 'test', 'type': 'CHAT', 'to': 'TestChat', 'from': 'hello2'}
[2021-06-01 13:24:10.999278] [NEW_CHAT] hello2 - "test" Flag:False
[2021-06-01 13:24:15.062776] [PACKET_RECV] {'data': 'SWITCHROOM:TestChat', 'type': 'SERVER', 'to': 'SERVER', 'from': 'hello'}
[2021-06-01 13:24:17.976271] [PACKET_RECV] {'data': 'test', 'type': 'CHAT', 'to': 'TestChat', 'from': 'hello2'}
[2021-06-01 13:24:18.069270] [NEW_CHAT] hello2 - "test" Flag:False
[2021-06-01 13:25:57.837773] [DISCONNECT] hello - hello has disconnected
[2021-06-01 13:26:27.519773] [PACKET_RECV] {'data': 'hello', 'type': 'SERVER', 'to': 'ServerInfo', 'from': 'hello'}
[2021-06-01 13:26:27.550785] [PACKET_RECV] {'data': 'hello', 'type': 'SERVER', 'to': 'ServerInfo', 'from': 'hello'}
[2021-06-01 13:26:27.612778] [NEW_USER] hello - 127.0.0.1:12214 has connected to the server
[2021-06-01 13:31:54.586772] [PACKET_RECV] {'data': 'ROOMCODE:MRs1fqWhjD', 'type': 'SERVER', 'to': 'SERVER', 'from': 'hello'}
[2021-06-01 13:31:57.919273] [PACKET_RECV] {'data': 'SWITCHROOM:random', 'type': 'SERVER', 'to': 'SERVER', 'from': 'hello'}
[2021-06-01 13:32:26.912773] [PACKET_RECV] {'data': 'ROOMCODE:5DopiFkyYK', 'type': 'SERVER', 'to': 'SERVER', 'from': 'hello2'}
[2021-06-01 13:32:31.515772] [PACKET_RECV] {'data': 'SWITCHROOM:comp sci', 'type': 'SERVER', 'to': 'SERVER', 'from': 'hello2'}
[2021-06-01 13:32:42.980272] [PACKET_RECV] {'data': '@hello', 'type': 'CHAT', 'to': 'random', 'from': 'hello'}
[2021-06-01 13:32:42.995770] [NEW_CHAT] hello - "@hello" Flag:False
[2021-06-01 13:33:20.031278] [DISCONNECT] hello - hello has disconnected
[2021-06-01 13:33:20.728773] [DISCONNECT] hello2 - hello2 has disconnected